Using TensorFlow backend.
WARNING:tensorflow:From /c1/apps/anaconda/4.3.1/lib/python3.5/site-packages/tensorflow/contrib/learn/python/learn/datasets/base.py:198: retry (from tensorflow.contrib.learn.python.learn.datasets.base) is deprecated and will be removed in a future version.
Instructions for updating:
Use the retry module or similar alternatives.
WARNING:tensorflow:From /c1/apps/anaconda/4.3.1/lib/python3.5/site-packages/keras/backend/tensorflow_backend.py:1150: calling reduce_sum (from tensorflow.python.ops.math_ops) with keep_dims is deprecated and will be removed in a future version.
Instructions for updating:
keep_dims is deprecated, use keepdims instead
WARNING:tensorflow:From /c1/apps/anaconda/4.3.1/lib/python3.5/site-packages/keras/backend/tensorflow_backend.py:1114: calling reduce_max (from tensorflow.python.ops.math_ops) with keep_dims is deprecated and will be removed in a future version.
Instructions for updating:
keep_dims is deprecated, use keepdims instead
/home/straynwang/Job_matches/./experiments/models/LSTM_19.py:25: UserWarning: The `merge` function is deprecated and will be removed after 08/2017. Use instead layers from `keras.layers.merge`, e.g. `add`, `concatenate`, etc.
  output_attention_mul = merge([x, a_probs], name='attention_mul', mode='mul')
/c1/apps/anaconda/4.3.1/lib/python3.5/site-packages/keras/legacy/layers.py:460: UserWarning: The `Merge` layer is deprecated and will be removed after 08/2017. Use instead layers from `keras.layers.merge`, e.g. `add`, `concatenate`, etc.
  name=name)
/home/straynwang/Job_matches/./experiments/models/LSTM_19.py:76: UserWarning: Update your `Model` call to the Keras 2 API: `Model(inputs=Tensor("in..., outputs=Tensor("de...)`
  model = Model(input=inputs, output=x)
WARNING:tensorflow:From /c1/apps/anaconda/4.3.1/lib/python3.5/site-packages/keras/backend/tensorflow_backend.py:2852: calling l2_normalize (from tensorflow.python.ops.nn_impl) with dim is deprecated and will be removed in a future version.
Instructions for updating:
dim is deprecated, use axis instead
WARNING:tensorflow:From /c1/apps/anaconda/4.3.1/lib/python3.5/site-packages/keras/backend/tensorflow_backend.py:1257: calling reduce_mean (from tensorflow.python.ops.math_ops) with keep_dims is deprecated and will be removed in a future version.
Instructions for updating:
keep_dims is deprecated, use keepdims instead
WARNING:tensorflow:Variable *= will be deprecated. Use variable.assign_mul if you want assignment to the variable value or 'x = x * y' if you want a new python Tensor object.
./main.py:128: SettingWithCopyWarning: 
A value is trying to be set on a copy of a slice from a DataFrame

See the caveats in the documentation: http://pandas.pydata.org/pandas-docs/stable/indexing.html#indexing-view-versus-copy
  exp['start_time'] = str(start_time.replace(microsecond=0))
./main.py:129: SettingWithCopyWarning: 
A value is trying to be set on a copy of a slice from a DataFrame

See the caveats in the documentation: http://pandas.pydata.org/pandas-docs/stable/indexing.html#indexing-view-versus-copy
  exp['end_time'] = str(datetime.datetime.now().replace(microsecond=0))
./main.py:132: SettingWithCopyWarning: 
A value is trying to be set on a copy of a slice from a DataFrame

See the caveats in the documentation: http://pandas.pydata.org/pandas-docs/stable/indexing.html#indexing-view-versus-copy
  exp['RANK_SCORE'] = df['rank'].mean()
./main.py:137: SettingWithCopyWarning: 
A value is trying to be set on a copy of a slice from a DataFrame

See the caveats in the documentation: http://pandas.pydata.org/pandas-docs/stable/indexing.html#indexing-view-versus-copy
  exp['QUIT_LOSS'] = df_log.iloc[-1]['loss']
./main.py:138: SettingWithCopyWarning: 
A value is trying to be set on a copy of a slice from a DataFrame

See the caveats in the documentation: http://pandas.pydata.org/pandas-docs/stable/indexing.html#indexing-view-versus-copy
  exp['QUIT_EPOCH'] = df_log.iloc[-1]['epoch']
./main.py:139: SettingWithCopyWarning: 
A value is trying to be set on a copy of a slice from a DataFrame

See the caveats in the documentation: http://pandas.pydata.org/pandas-docs/stable/indexing.html#indexing-view-versus-copy
  exp['QUIT_MSE'] = df_log.iloc[-1]['mean_squared_error']
./main.py:144: SettingWithCopyWarning: 
A value is trying to be set on a copy of a slice from a DataFrame

See the caveats in the documentation: http://pandas.pydata.org/pandas-docs/stable/indexing.html#indexing-view-versus-copy
  exp['N_PARAMS'] = model.count_params()
./main.py:160: SettingWithCopyWarning: 
A value is trying to be set on a copy of a slice from a DataFrame

See the caveats in the documentation: http://pandas.pydata.org/pandas-docs/stable/indexing.html#indexing-view-versus-copy
  exp['IS_RUN'] = 0
