train_model imported
load_model imported
get_rank_df imported
Word2Vec imported
WordNetLemmatizer imported
get_similar_words imported
get_time_series imported
nltk imported
prepare_data imported
remove_stopwords imported
sent_tokenize imported
stopwords imported
wn imported
word_tokenize imported
EXP_ID                         35
N_EPOCH                        50
PATIENCE                       20
IS_TRAIN                        1
LOSS_FUNC        cosine_proximity
OUTPUT_DIM                    200
INPUT_DIM                     200
TIME_STEPS                     15
MODEL_ID                  LSTM_19
IS_RUN                          1
RANK_SCORE               0.663758
QUIT_LOSS               -0.708143
QUIT_MSE                0.0973934
QUIT_EPOCH                      1
N_PARAMS                   765200
start_time    2018-08-06 17:22:40
end_time      2018-08-06 17:24:12
note                          NaN
Name: 35, dtype: object
Activation imported
BatchNormalization imported
Bidirectional imported
Conv1D imported
Conv2D imported
Conv2DTranspose imported
Convolution3D imported
Dense imported
Dropout imported
Embedding imported
Flatten imported
GaussianDropout imported
GaussianNoise imported
Input imported
K imported
LSTM imported
Lambda imported
LeakyReLU imported
MaxPooling2D imported
Model imported
Permute imported
RepeatVector imported
Reshape imported
Sequential imported
TimeDistributed imported
UpSampling1D imported
UpSampling2D imported
UpSampling3D imported
attention_3d_block imported
create_LSTM imported
initializers imported
merge imported
regularizers imported
____________________________________________________________________________________________________
Layer (type)                     Output Shape          Param #     Connected to                     
====================================================================================================
input_1 (InputLayer)             (None, 1, 15, 200)    0                                            
____________________________________________________________________________________________________
reshape_1 (Reshape)              (None, 15, 200)       0           input_1[0][0]                    
____________________________________________________________________________________________________
bidirectional_1 (Bidirectional)  (None, 15, 200)       240800      reshape_1[0][0]                  
____________________________________________________________________________________________________
batch_normalization_1 (BatchNorm (None, 15, 200)       800         bidirectional_1[0][0]            
____________________________________________________________________________________________________
activation_1 (Activation)        (None, 15, 200)       0           batch_normalization_1[0][0]      
____________________________________________________________________________________________________
dense_1 (Dense)                  (None, 15, 200)       40200       activation_1[0][0]               
____________________________________________________________________________________________________
attention_vec (Permute)          (None, 15, 200)       0           dense_1[0][0]                    
____________________________________________________________________________________________________
attention_mul (Merge)            (None, 15, 200)       0           activation_1[0][0]               
                                                                   attention_vec[0][0]              
____________________________________________________________________________________________________
batch_normalization_2 (BatchNorm (None, 15, 200)       800         attention_mul[0][0]              
____________________________________________________________________________________________________
activation_2 (Activation)        (None, 15, 200)       0           batch_normalization_2[0][0]      
____________________________________________________________________________________________________
bidirectional_2 (Bidirectional)  (None, 300)           421200      activation_2[0][0]               
____________________________________________________________________________________________________
batch_normalization_3 (BatchNorm (None, 300)           1200        bidirectional_2[0][0]            
____________________________________________________________________________________________________
activation_3 (Activation)        (None, 300)           0           batch_normalization_3[0][0]      
____________________________________________________________________________________________________
dense_2 (Dense)                  (None, 200)           60200       activation_3[0][0]               
====================================================================================================
Total params: 765,200
Trainable params: 763,800
Non-trainable params: 1,400
____________________________________________________________________________________________________
None
Train on 12444 samples, validate on 1383 samples
Epoch 1/2
27s - loss: -3.3623e-03 - mean_squared_error: 0.2332 - val_loss: -3.4709e-03 - val_mean_squared_error: 0.3701
Epoch 2/2
17s - loss: -3.5485e-03 - mean_squared_error: 0.0732 - val_loss: -3.5191e-03 - val_mean_squared_error: 0.2502

Job: full-time community connections intern paid internship
   postal financial services pfs operations department head
   lawyer
   senior auditor
   accountant
   senior c++ developer
   web developer
   graphic designer
   senior ios developer
   rural enterprises project officer
   tax administration expert
Percentage_Rank of 0: 0.7273200949458692

Job: bcc specialist
   postal financial services pfs operations department head
   lawyer
   senior auditor
   web developer
   senior c++ developer
   accountant
   graphic designer
   senior ios developer
   rural enterprises project officer
   tax administration expert
Percentage_Rank of 1: 0.0008684073409367221

Job: chauffeur fsn-3 fp-bb*
   postal financial services pfs operations department head
   lawyer
   senior auditor
   web developer
   accountant
   senior c++ developer
   graphic designer
   senior ios developer
   rural enterprises project officer
   tax administration expert
Percentage_Rank of 2: 0.9361431135297864

Job: demographic analysis workshop
   postal financial services pfs operations department head
   lawyer
   senior auditor
   senior c++ developer
   accountant
   web developer
   graphic designer
   senior ios developer
   rural enterprises project officer
   tax administration expert
Percentage_Rank of 3: 0.5674752503907833

Job: receptionist
   postal financial services pfs operations department head
   lawyer
   senior auditor
   accountant
   web developer
   senior c++ developer
   graphic designer
   senior ios developer
   rural enterprises project officer
   tax administration expert
Percentage_Rank of 4: 0.857291726972732

Job: chief party
   postal financial services pfs operations department head
   lawyer
   senior auditor
   accountant
   web developer
   senior c++ developer
   graphic designer
   senior ios developer
   rural enterprises project officer
   tax administration expert
Percentage_Rank of 5: 0.7276095640595148

Job: medical monitor
   postal financial services pfs operations department head
   lawyer
   senior auditor
   web developer
   senior c++ developer
   accountant
   graphic designer
   senior ios developer
   rural enterprises project officer
   tax administration expert
Percentage_Rank of 6: 0.827534302089967

Job: telephone operator fsn-4 fp-aa*
   postal financial services pfs operations department head
   lawyer
   senior auditor
   senior c++ developer
   web developer
   accountant
   graphic designer
   senior ios developer
   rural enterprises project officer
   tax administration expert
Percentage_Rank of 7: 0.8167660510623517

Job: program expert
   postal financial services pfs operations department head
   lawyer
   senior auditor
   accountant
   senior c++ developer
   web developer
   graphic designer
   senior ios developer
   rural enterprises project officer
   tax administration expert
Percentage_Rank of 8: 0.9748740809355642

Job: admin/ finance clerk 2004/ 001
   postal financial services pfs operations department head
   lawyer
   senior auditor
   senior c++ developer
   web developer
   accountant
   graphic designer
   senior ios developer
   rural enterprises project officer
   tax administration expert
Percentage_Rank of 9: 0.630347941874602
