train_model imported
load_model imported
get_rank_df imported
Word2Vec imported
WordNetLemmatizer imported
get_similar_words imported
get_time_series imported
nltk imported
prepare_data imported
remove_stopwords imported
sent_tokenize imported
stopwords imported
wn imported
word_tokenize imported
EXP_ID                      35
N_EPOCH                    400
PATIENCE                    50
IS_TRAIN                     1
LOSS_FUNC     cosine_proximity
OUTPUT_DIM                 200
INPUT_DIM                  200
TIME_STEPS                  15
MODEL_ID               LSTM_19
IS_RUN                       1
RANK_SCORE                 NaN
QUIT_LOSS                  NaN
QUIT_MSE                   NaN
QUIT_EPOCH                 NaN
N_PARAMS                   NaN
start_time                 NaN
end_time                   NaN
note                       NaN
Name: 35, dtype: object
Activation imported
BatchNormalization imported
Bidirectional imported
Conv1D imported
Conv2D imported
Conv2DTranspose imported
Convolution3D imported
Dense imported
Dropout imported
Embedding imported
Flatten imported
GaussianDropout imported
GaussianNoise imported
Input imported
K imported
LSTM imported
Lambda imported
LeakyReLU imported
MaxPooling2D imported
Model imported
Permute imported
RepeatVector imported
Reshape imported
Sequential imported
TimeDistributed imported
UpSampling1D imported
UpSampling2D imported
UpSampling3D imported
attention_3d_block imported
create_LSTM imported
initializers imported
merge imported
regularizers imported
____________________________________________________________________________________________________
Layer (type)                     Output Shape          Param #     Connected to                     
====================================================================================================
input_1 (InputLayer)             (None, 1, 15, 200)    0                                            
____________________________________________________________________________________________________
reshape_1 (Reshape)              (None, 15, 200)       0           input_1[0][0]                    
____________________________________________________________________________________________________
bidirectional_1 (Bidirectional)  (None, 15, 200)       240800      reshape_1[0][0]                  
____________________________________________________________________________________________________
batch_normalization_1 (BatchNorm (None, 15, 200)       800         bidirectional_1[0][0]            
____________________________________________________________________________________________________
activation_1 (Activation)        (None, 15, 200)       0           batch_normalization_1[0][0]      
____________________________________________________________________________________________________
dense_1 (Dense)                  (None, 15, 200)       40200       activation_1[0][0]               
____________________________________________________________________________________________________
attention_vec (Permute)          (None, 15, 200)       0           dense_1[0][0]                    
____________________________________________________________________________________________________
attention_mul (Merge)            (None, 15, 200)       0           activation_1[0][0]               
                                                                   attention_vec[0][0]              
____________________________________________________________________________________________________
batch_normalization_2 (BatchNorm (None, 15, 200)       800         attention_mul[0][0]              
____________________________________________________________________________________________________
activation_2 (Activation)        (None, 15, 200)       0           batch_normalization_2[0][0]      
____________________________________________________________________________________________________
bidirectional_2 (Bidirectional)  (None, 300)           421200      activation_2[0][0]               
____________________________________________________________________________________________________
batch_normalization_3 (BatchNorm (None, 300)           1200        bidirectional_2[0][0]            
____________________________________________________________________________________________________
activation_3 (Activation)        (None, 300)           0           batch_normalization_3[0][0]      
____________________________________________________________________________________________________
dense_2 (Dense)                  (None, 200)           60200       activation_3[0][0]               
====================================================================================================
Total params: 765,200
Trainable params: 763,800
Non-trainable params: 1,400
____________________________________________________________________________________________________
None
Train on 12444 samples, validate on 1383 samples
Epoch 1/400
26s - loss: -3.3529e-03 - mean_squared_error: 0.2572 - val_loss: -3.4696e-03 - val_mean_squared_error: 0.3965
Epoch 2/400
17s - loss: -3.5431e-03 - mean_squared_error: 0.0588 - val_loss: -3.5332e-03 - val_mean_squared_error: 0.2152
Epoch 3/400
17s - loss: -3.5440e-03 - mean_squared_error: 0.0629 - val_loss: -3.5294e-03 - val_mean_squared_error: 0.2168
Epoch 4/400
17s - loss: -3.5455e-03 - mean_squared_error: 0.0664 - val_loss: -3.4726e-03 - val_mean_squared_error: 0.3048
Epoch 5/400
17s - loss: -3.5478e-03 - mean_squared_error: 0.0713 - val_loss: -3.4814e-03 - val_mean_squared_error: 0.2861
Epoch 6/400
17s - loss: -3.5516e-03 - mean_squared_error: 0.0726 - val_loss: -3.3966e-03 - val_mean_squared_error: 0.4667
Epoch 7/400
17s - loss: -3.5565e-03 - mean_squared_error: 0.0681 - val_loss: -3.2095e-03 - val_mean_squared_error: 0.7212
Epoch 8/400
17s - loss: -3.5612e-03 - mean_squared_error: 0.0681 - val_loss: -3.1907e-03 - val_mean_squared_error: 0.6619
Epoch 9/400
17s - loss: -3.5652e-03 - mean_squared_error: 0.0696 - val_loss: -3.2353e-03 - val_mean_squared_error: 0.6617
Epoch 10/400
17s - loss: -3.5685e-03 - mean_squared_error: 0.0700 - val_loss: -3.1017e-03 - val_mean_squared_error: 0.7201
Epoch 11/400
17s - loss: -3.5730e-03 - mean_squared_error: 0.0721 - val_loss: -3.1569e-03 - val_mean_squared_error: 0.7145
Epoch 12/400
17s - loss: -3.5764e-03 - mean_squared_error: 0.0704 - val_loss: -3.2132e-03 - val_mean_squared_error: 0.6825
Epoch 13/400
17s - loss: -3.5757e-03 - mean_squared_error: 0.0706 - val_loss: -3.1991e-03 - val_mean_squared_error: 0.6901
Epoch 14/400
17s - loss: -3.5826e-03 - mean_squared_error: 0.0704 - val_loss: -3.1290e-03 - val_mean_squared_error: 0.6795
Epoch 15/400
17s - loss: -3.5884e-03 - mean_squared_error: 0.0707 - val_loss: -3.1869e-03 - val_mean_squared_error: 0.6440
Epoch 16/400
17s - loss: -3.5915e-03 - mean_squared_error: 0.0690 - val_loss: -3.2944e-03 - val_mean_squared_error: 0.5927
Epoch 17/400
17s - loss: -3.5968e-03 - mean_squared_error: 0.0659 - val_loss: -3.3204e-03 - val_mean_squared_error: 0.5762
Epoch 18/400
17s - loss: -3.6045e-03 - mean_squared_error: 0.0635 - val_loss: -3.2699e-03 - val_mean_squared_error: 0.5388
Epoch 19/400
17s - loss: -3.6137e-03 - mean_squared_error: 0.0615 - val_loss: -3.1813e-03 - val_mean_squared_error: 0.6748
Epoch 20/400
17s - loss: -3.6203e-03 - mean_squared_error: 0.0632 - val_loss: -3.2369e-03 - val_mean_squared_error: 0.6116
Epoch 21/400
17s - loss: -3.6272e-03 - mean_squared_error: 0.0626 - val_loss: -3.2094e-03 - val_mean_squared_error: 0.5416
Epoch 22/400
17s - loss: -3.6357e-03 - mean_squared_error: 0.0581 - val_loss: -3.1943e-03 - val_mean_squared_error: 0.6006
Epoch 23/400
17s - loss: -3.6456e-03 - mean_squared_error: 0.0565 - val_loss: -3.3746e-03 - val_mean_squared_error: 0.4037
Epoch 24/400
17s - loss: -3.6502e-03 - mean_squared_error: 0.0535 - val_loss: -3.2314e-03 - val_mean_squared_error: 0.5124
Epoch 25/400
17s - loss: -3.6627e-03 - mean_squared_error: 0.0507 - val_loss: -3.2723e-03 - val_mean_squared_error: 0.5094
Epoch 26/400
17s - loss: -3.6718e-03 - mean_squared_error: 0.0474 - val_loss: -3.2902e-03 - val_mean_squared_error: 0.4325
Epoch 27/400
17s - loss: -3.6813e-03 - mean_squared_error: 0.0459 - val_loss: -3.2691e-03 - val_mean_squared_error: 0.4472
Epoch 28/400
17s - loss: -3.6892e-03 - mean_squared_error: 0.0442 - val_loss: -3.2298e-03 - val_mean_squared_error: 0.3919
Epoch 29/400
17s - loss: -3.6962e-03 - mean_squared_error: 0.0432 - val_loss: -3.4360e-03 - val_mean_squared_error: 0.3657
Epoch 30/400
17s - loss: -3.7138e-03 - mean_squared_error: 0.0418 - val_loss: -3.3504e-03 - val_mean_squared_error: 0.4842
Epoch 31/400
17s - loss: -3.7259e-03 - mean_squared_error: 0.0384 - val_loss: -3.3492e-03 - val_mean_squared_error: 0.4192
Epoch 32/400
17s - loss: -3.7397e-03 - mean_squared_error: 0.0371 - val_loss: -3.1654e-03 - val_mean_squared_error: 0.3525
Epoch 33/400
17s - loss: -3.7511e-03 - mean_squared_error: 0.0342 - val_loss: -3.3467e-03 - val_mean_squared_error: 0.5126
Epoch 34/400
17s - loss: -3.7636e-03 - mean_squared_error: 0.0335 - val_loss: -3.0455e-03 - val_mean_squared_error: 0.5978
Epoch 35/400
17s - loss: -3.7827e-03 - mean_squared_error: 0.0305 - val_loss: -3.3352e-03 - val_mean_squared_error: 0.4531
Epoch 36/400
17s - loss: -3.7979e-03 - mean_squared_error: 0.0290 - val_loss: -3.3668e-03 - val_mean_squared_error: 0.4475
Epoch 37/400
17s - loss: -3.8137e-03 - mean_squared_error: 0.0267 - val_loss: -3.3814e-03 - val_mean_squared_error: 0.3481
Epoch 38/400
17s - loss: -3.8276e-03 - mean_squared_error: 0.0250 - val_loss: -3.3474e-03 - val_mean_squared_error: 0.3467
Epoch 39/400
17s - loss: -3.8395e-03 - mean_squared_error: 0.0232 - val_loss: -3.2732e-03 - val_mean_squared_error: 0.3086
Epoch 40/400
17s - loss: -3.8511e-03 - mean_squared_error: 0.0213 - val_loss: -3.0861e-03 - val_mean_squared_error: 0.2711
Epoch 41/400
17s - loss: -3.8664e-03 - mean_squared_error: 0.0198 - val_loss: -3.4024e-03 - val_mean_squared_error: 0.1930
Epoch 42/400
17s - loss: -3.8787e-03 - mean_squared_error: 0.0187 - val_loss: -3.2252e-03 - val_mean_squared_error: 0.2176
Epoch 43/400
17s - loss: -3.8941e-03 - mean_squared_error: 0.0173 - val_loss: -3.2731e-03 - val_mean_squared_error: 0.1791
Epoch 44/400
17s - loss: -3.8941e-03 - mean_squared_error: 0.0158 - val_loss: -3.3991e-03 - val_mean_squared_error: 0.2725
Epoch 45/400
17s - loss: -3.9145e-03 - mean_squared_error: 0.0151 - val_loss: -3.4214e-03 - val_mean_squared_error: 0.1684
Epoch 46/400
17s - loss: -3.9193e-03 - mean_squared_error: 0.0143 - val_loss: -3.2801e-03 - val_mean_squared_error: 0.1982
Epoch 47/400
