train_model imported
load_model imported
get_rank_info imported
predict_cosine_similarity imported
Word2Vec imported
WordNetLemmatizer imported
get_similar_words imported
nltk imported
prepare_data imported
sent_tokenize imported
stopwords imported
word_tokenize imported
EXP_ID                      25
N_EPOCH                    400
PATIENCE                   100
IS_TRAIN                     1
LOSS_FUNC     cosine_proximity
CP                 -0.00349464
MSE                  0.0557148
OUTPUT_DIM                 200
INPUT_DIM                  200
TIME_STEPS                  10
MODEL_ID               LSTM_18
IS_RUN                       1
RANK_SCORE                 NaN
QUIT_LOSS                  NaN
QUIT_MSE                   NaN
QUIT_EPOCH                 NaN
N_PARAMS                   NaN
note                       NaN
Name: 22, dtype: object
Activation imported
BatchNormalization imported
Bidirectional imported
Conv1D imported
Conv2D imported
Conv2DTranspose imported
Convolution3D imported
Dense imported
Dropout imported
Embedding imported
Flatten imported
GaussianDropout imported
GaussianNoise imported
Input imported
K imported
LSTM imported
Lambda imported
LeakyReLU imported
MaxPooling2D imported
Model imported
Permute imported
RepeatVector imported
Reshape imported
Sequential imported
TimeDistributed imported
UpSampling1D imported
UpSampling2D imported
UpSampling3D imported
attention_3d_block imported
create_LSTM imported
initializers imported
merge imported
regularizers imported
